<?xml version="1.0" encoding="UTF-8"?>
<testsuite xmlns:xsi="http://www.w3.org/2001/XMLSchema-instance" xsi:schemaLocation="https://maven.apache.org/surefire/maven-surefire-plugin/xsd/surefire-test-report.xsd" name="testRunner.TestRunner" time="3.014" tests="14" errors="0" skipped="0" failures="2">
  <properties>
    <property name="java.runtime.name" value="Java(TM) SE Runtime Environment"/>
    <property name="sun.boot.library.path" value="/Library/Java/JavaVirtualMachines/jdk1.8.0_152.jdk/Contents/Home/jre/lib"/>
    <property name="java.vm.version" value="25.152-b16"/>
    <property name="gopherProxySet" value="false"/>
    <property name="java.vm.vendor" value="Oracle Corporation"/>
    <property name="maven.multiModuleProjectDirectory" value="/Users/krish/eclipse-workspace/LumiraDX"/>
    <property name="java.vendor.url" value="http://java.oracle.com/"/>
    <property name="path.separator" value=":"/>
    <property name="guice.disable.misplaced.annotation.check" value="true"/>
    <property name="java.vm.name" value="Java HotSpot(TM) 64-Bit Server VM"/>
    <property name="file.encoding.pkg" value="sun.io"/>
    <property name="user.country" value="GB"/>
    <property name="sun.java.launcher" value="SUN_STANDARD"/>
    <property name="sun.os.patch.level" value="unknown"/>
    <property name="java.vm.specification.name" value="Java Virtual Machine Specification"/>
    <property name="user.dir" value="/Users/krish/eclipse-workspace/LumiraDX"/>
    <property name="java.runtime.version" value="1.8.0_152-b16"/>
    <property name="java.awt.graphicsenv" value="sun.awt.CGraphicsEnvironment"/>
    <property name="java.endorsed.dirs" value="/Library/Java/JavaVirtualMachines/jdk1.8.0_152.jdk/Contents/Home/jre/lib/endorsed"/>
    <property name="os.arch" value="x86_64"/>
    <property name="java.io.tmpdir" value="/var/folders/5b/jg9ldbz10jnf_87f58xcsg640000gn/T/"/>
    <property name="line.separator" value="&#10;"/>
    <property name="java.vm.specification.vendor" value="Oracle Corporation"/>
    <property name="os.name" value="Mac OS X"/>
    <property name="classworlds.conf" value="/usr/local/Cellar/maven/3.5.2/libexec/bin/m2.conf"/>
    <property name="sun.jnu.encoding" value="UTF-8"/>
    <property name="java.library.path" value="/Users/krish/Library/Java/Extensions:/Library/Java/Extensions:/Network/Library/Java/Extensions:/System/Library/Java/Extensions:/usr/lib/java:."/>
    <property name="maven.conf" value="/usr/local/Cellar/maven/3.5.2/libexec/conf"/>
    <property name="java.specification.name" value="Java Platform API Specification"/>
    <property name="java.class.version" value="52.0"/>
    <property name="sun.management.compiler" value="HotSpot 64-Bit Tiered Compilers"/>
    <property name="os.version" value="10.14.5"/>
    <property name="library.jansi.path" value="/usr/local/Cellar/maven/3.5.2/libexec/lib/jansi-native"/>
    <property name="http.nonProxyHosts" value="local|*.local|169.254/16|*.169.254/16"/>
    <property name="user.home" value="/Users/krish"/>
    <property name="user.timezone" value="Europe/London"/>
    <property name="java.awt.printerjob" value="sun.lwawt.macosx.CPrinterJob"/>
    <property name="java.specification.version" value="1.8"/>
    <property name="file.encoding" value="UTF-8"/>
    <property name="user.name" value="krish"/>
    <property name="java.class.path" value="/usr/local/Cellar/maven/3.5.2/libexec/boot/plexus-classworlds-2.5.2.jar"/>
    <property name="java.vm.specification.version" value="1.8"/>
    <property name="sun.arch.data.model" value="64"/>
    <property name="java.home" value="/Library/Java/JavaVirtualMachines/jdk1.8.0_152.jdk/Contents/Home/jre"/>
    <property name="sun.java.command" value="org.codehaus.plexus.classworlds.launcher.Launcher test"/>
    <property name="java.specification.vendor" value="Oracle Corporation"/>
    <property name="user.language" value="en"/>
    <property name="awt.toolkit" value="sun.lwawt.macosx.LWCToolkit"/>
    <property name="java.vm.info" value="mixed mode"/>
    <property name="java.version" value="1.8.0_152"/>
    <property name="java.ext.dirs" value="/Users/krish/Library/Java/Extensions:/Library/Java/JavaVirtualMachines/jdk1.8.0_152.jdk/Contents/Home/jre/lib/ext:/Library/Java/Extensions:/Network/Library/Java/Extensions:/System/Library/Java/Extensions:/usr/lib/java"/>
    <property name="sun.boot.class.path" value="/Library/Java/JavaVirtualMachines/jdk1.8.0_152.jdk/Contents/Home/jre/lib/resources.jar:/Library/Java/JavaVirtualMachines/jdk1.8.0_152.jdk/Contents/Home/jre/lib/rt.jar:/Library/Java/JavaVirtualMachines/jdk1.8.0_152.jdk/Contents/Home/jre/lib/sunrsasign.jar:/Library/Java/JavaVirtualMachines/jdk1.8.0_152.jdk/Contents/Home/jre/lib/jsse.jar:/Library/Java/JavaVirtualMachines/jdk1.8.0_152.jdk/Contents/Home/jre/lib/jce.jar:/Library/Java/JavaVirtualMachines/jdk1.8.0_152.jdk/Contents/Home/jre/lib/charsets.jar:/Library/Java/JavaVirtualMachines/jdk1.8.0_152.jdk/Contents/Home/jre/lib/jfr.jar:/Library/Java/JavaVirtualMachines/jdk1.8.0_152.jdk/Contents/Home/jre/classes"/>
    <property name="java.vendor" value="Oracle Corporation"/>
    <property name="maven.home" value="/usr/local/Cellar/maven/3.5.2/libexec"/>
    <property name="file.separator" value="/"/>
    <property name="java.vendor.url.bug" value="http://bugreport.sun.com/bugreport/"/>
    <property name="sun.cpu.endian" value="little"/>
    <property name="sun.io.unicode.encoding" value="UnicodeBig"/>
    <property name="socksNonProxyHosts" value="local|*.local|169.254/16|*.169.254/16"/>
    <property name="ftp.nonProxyHosts" value="local|*.local|169.254/16|*.169.254/16"/>
    <property name="sun.cpu.isalist" value=""/>
  </properties>
  <testcase name="When I perform a GET operation for &quot;/api/blog/categories/&quot;" classname="Scenario: Verify GET operation for blog categories api" time="0.003"/>
  <testcase name="Then the response code should be &quot;200&quot;" classname="Scenario: Verify GET operation for blog categories api" time="0"/>
  <testcase name="And the response body should not be null" classname="Scenario: Verify GET operation for blog categories api" time="0"/>
  <testcase name="Scenario: Verify GET operation for blog categories api" classname="Scenario: Verify GET operation for blog categories api" time="0.001"/>
  <testcase name="When I perform a POST operation for &quot;/api/blog/categories/&quot; with valid category name" classname="Scenario: Verify if POST operation is successful for valid category name in the json payload" time="0"/>
  <testcase name="Then the response code should be &quot;201&quot;" classname="Scenario: Verify if POST operation is successful for valid category name in the json payload" time="0.001"/>
  <testcase name="And the new category name should be displayed properly when GET operation is performed" classname="Scenario: Verify if POST operation is successful for valid category name in the json payload" time="0.005">
    <failure message="Category name has not been posted correctly. Expected: xksnewyxvq but actual name is: ksnewyxvq expected:&lt;[x]ksnewyxvq&gt; but was:&lt;[]ksnewyxvq&gt;" type="org.junit.ComparisonFailure"><![CDATA[org.junit.ComparisonFailure: Category name has not been posted correctly. Expected: xksnewyxvq but actual name is: ksnewyxvq expected:<[x]ksnewyxvq> but was:<[]ksnewyxvq>
]]></failure>
    <system-out><![CDATA[Asserting new category name is: xksnewyxvq
]]></system-out>
  </testcase>
  <testcase name="Scenario: Verify if POST operation is successful for valid category name in the json payload" classname="Scenario: Verify if POST operation is successful for valid category name in the json payload" time="0.006">
    <failure message="Category name has not been posted correctly. Expected: xksnewyxvq but actual name is: ksnewyxvq expected:&lt;[x]ksnewyxvq&gt; but was:&lt;[]ksnewyxvq&gt;" type="org.junit.ComparisonFailure"><![CDATA[org.junit.ComparisonFailure: Category name has not been posted correctly. Expected: xksnewyxvq but actual name is: ksnewyxvq expected:<[x]ksnewyxvq> but was:<[]ksnewyxvq>
]]></failure>
  </testcase>
  <testcase name="When I perform a DELETE operation for &quot;/api/blog/categories/&quot; using &quot;invalid&quot; category id" classname="| invalid | 404 |" time="0"/>
  <testcase name="Then the response code should be &quot;404&quot;" classname="| invalid | 404 |" time="0"/>
  <testcase name="| invalid | 404 |" classname="| invalid | 404 |" time="0"/>
  <testcase name="When I perform a DELETE operation for &quot;/api/blog/categories/&quot; using &quot;valid&quot; category id" classname="| valid | 204 |" time="0"/>
  <testcase name="Then the response code should be &quot;204&quot;" classname="| valid | 204 |" time="0.001"/>
  <testcase name="| valid | 204 |" classname="| valid | 204 |" time="0.001"/>
</testsuite>